<?xml version="1.0" encoding="UTF-8"?>
<!-- Generated by org.testng.reporters.JUnitXMLReporter -->
<testsuite hostname="Saiful" name="Default test" tests="6" failures="0" timestamp="25 Nov 2017 23:49:55 GMT" time="90.545" errors="0">
  <testcase name="serviceSystemLinkTest" time="5.291" classname="com.viasat.HeaderLinkClick"/>
  <testcase name="industriesApplicationsLinkTest" time="8.706" classname="com.viasat.HeaderLinkClick"/>
  <testcase name="supportTrainingLinkTest" time="5.786" classname="com.viasat.HeaderLinkClick"/>
  <testcase name="aboutLinkTest" time="5.867" classname="com.viasat.HeaderLinkClick"/>
  <testcase name="careersLinkTest" time="5.69" classname="com.viasat.HeaderLinkClick"/>
  <testcase name="contactLinkTest" time="4.451" classname="com.viasat.HeaderLinkClick"/>
</testsuite> <!-- Default test -->
